2021-06-04 17:14:37,987 [INFO] Activator:170 - 


2021-06-04 17:14:37,989 [INFO] Activator:171 - !SESSION log4j initialized
2021-06-04 17:21:34,192 [INFO] McuFinderGlobals:39 - Set McuFinder mode to 2 (CubeIDE integrated)
2021-06-04 17:21:37,725 [INFO] ApplicationProperties:181 - Using Application install path: C:\ST\STM32CubeIDE_1.6.0\STM32CubeIDE\plugins\com.st.stm32cube.common.mx_6.2.1.202103241236
2021-06-04 17:21:37,741 [INFO] DbMcusXml:74 - Set database path to: C:\ST\STM32CubeIDE_1.6.0\STM32CubeIDE\plugins\com.st.stm32cube.common.mx_6.2.1.202103241236\\db\/mcu/
2021-06-04 17:21:37,758 [INFO] DbBoardsPdsc:56 - Set plugin database path to: C:\ST\STM32CubeIDE_1.6.0\STM32CubeIDE\plugins\com.st.stm32cube.common.mx_6.2.1.202103241236\\db\/plugins/boardmanager/
2021-06-04 17:21:37,758 [INFO] DbMcus:258 - Set plugin images path to: C:\ST\STM32CubeIDE_1.6.0\STM32CubeIDE\plugins\com.st.stm32cube.common.mx_6.2.1.202103241236\\db\/plugins/mcufinder/images/
2021-06-04 17:21:37,758 [INFO] DbBoards:264 - Set plugin images path to: C:\ST\STM32CubeIDE_1.6.0\STM32CubeIDE\plugins\com.st.stm32cube.common.mx_6.2.1.202103241236\\db\/plugins/mcufinder/images/
2021-06-04 17:21:37,758 [INFO] DbExamples:333 - Set plugin images path to: C:\ST\STM32CubeIDE_1.6.0\STM32CubeIDE\plugins\com.st.stm32cube.common.mx_6.2.1.202103241236\\db\/plugins/mcufinder/images/
2021-06-04 17:21:37,773 [INFO] DbMcusAds:85 - Set database path to: C:\Users\User\.stmcufinder\plugins\mcufinder//mcu/
2021-06-04 17:21:37,773 [INFO] DbMcusDocs:110 - Set database path to: C:\Users\User\.stmcufinder\plugins\mcufinder//mcu/
2021-06-04 17:21:37,773 [INFO] DbMcusJson:65 - Set database path to: C:\Users\User\.stmcufinder\plugins\mcufinder//mcu/
2021-06-04 17:21:37,773 [INFO] DbBoardsDocs:110 - Set database path to: C:\Users\User\.stmcufinder\plugins\mcufinder//mcu/
2021-06-04 17:21:37,789 [INFO] DbBoardsJson:58 - Set database path to: C:\Users\User\.stmcufinder\plugins\mcufinder//mcu/
2021-06-04 17:21:37,805 [INFO] CrossReferenceDbSqlite:196 - Set database path to: C:\Users\User\.stmcufinder\plugins\mcufinder//mcu/cs/
2021-06-04 17:21:37,805 [INFO] DbExamplesSqlite:690 - Set database path to: C:\Users\User\.stmcufinder\plugins\mcufinder//mcu/
2021-06-04 17:21:37,936 [INFO] RulesReader:52 - Compatibility file has been processed (237 Rules)
2021-06-04 17:21:38,038 [INFO] MicroXplorer:622 - Detected Java Version = 11.0.9.1
2021-06-04 17:21:38,039 [INFO] DbMcusXml:74 - Set database path to: C:\ST\STM32CubeIDE_1.6.0\STM32CubeIDE\plugins\com.st.stm32cube.common.mx_6.2.1.202103241236\\db\/mcu/
2021-06-04 17:21:38,039 [INFO] DbBoardsPdsc:56 - Set plugin database path to: C:\ST\STM32CubeIDE_1.6.0\STM32CubeIDE\plugins\com.st.stm32cube.common.mx_6.2.1.202103241236\\db\/plugins/boardmanager/
2021-06-04 17:21:38,039 [INFO] DbMcus:258 - Set plugin images path to: C:\ST\STM32CubeIDE_1.6.0\STM32CubeIDE\plugins\com.st.stm32cube.common.mx_6.2.1.202103241236\\db\/plugins/mcufinder/images/
2021-06-04 17:21:38,039 [INFO] DbBoards:264 - Set plugin images path to: C:\ST\STM32CubeIDE_1.6.0\STM32CubeIDE\plugins\com.st.stm32cube.common.mx_6.2.1.202103241236\\db\/plugins/mcufinder/images/
2021-06-04 17:21:38,039 [INFO] DbExamples:333 - Set plugin images path to: C:\ST\STM32CubeIDE_1.6.0\STM32CubeIDE\plugins\com.st.stm32cube.common.mx_6.2.1.202103241236\\db\/plugins/mcufinder/images/
2021-06-04 17:21:38,039 [WARN] DbFile:35 - Overriding database path with different value: C:\Users\User\.stmcufinder\plugins\mcufinder/ => C:\Users\User\.stmcufinder\plugins\mcufinder
2021-06-04 17:21:38,040 [INFO] DbMcusAds:85 - Set database path to: C:\Users\User\.stmcufinder\plugins\mcufinder//mcu/
2021-06-04 17:21:38,040 [WARN] DbFile:35 - Overriding database path with different value: C:\Users\User\.stmcufinder\plugins\mcufinder/ => C:\Users\User\.stmcufinder\plugins\mcufinder
2021-06-04 17:21:38,040 [INFO] DbMcusDocs:110 - Set database path to: C:\Users\User\.stmcufinder\plugins\mcufinder//mcu/
2021-06-04 17:21:38,040 [WARN] DbFile:35 - Overriding database path with different value: C:\Users\User\.stmcufinder\plugins\mcufinder/ => C:\Users\User\.stmcufinder\plugins\mcufinder
2021-06-04 17:21:38,040 [INFO] DbMcusJson:65 - Set database path to: C:\Users\User\.stmcufinder\plugins\mcufinder//mcu/
2021-06-04 17:21:38,040 [WARN] DbFile:35 - Overriding database path with different value: C:\Users\User\.stmcufinder\plugins\mcufinder/ => C:\Users\User\.stmcufinder\plugins\mcufinder
2021-06-04 17:21:38,040 [INFO] DbBoardsDocs:110 - Set database path to: C:\Users\User\.stmcufinder\plugins\mcufinder//mcu/
2021-06-04 17:21:38,040 [WARN] DbFile:35 - Overriding database path with different value: C:\Users\User\.stmcufinder\plugins\mcufinder/ => C:\Users\User\.stmcufinder\plugins\mcufinder
2021-06-04 17:21:38,041 [INFO] DbBoardsJson:58 - Set database path to: C:\Users\User\.stmcufinder\plugins\mcufinder//mcu/
2021-06-04 17:21:38,041 [WARN] DbFile:35 - Overriding database path with different value: C:\Users\User\.stmcufinder\plugins\mcufinder/ => C:\Users\User\.stmcufinder\plugins\mcufinder
2021-06-04 17:21:38,041 [WARN] DbFile:35 - Overriding database path with different value: C:\Users\User\.stmcufinder\plugins\mcufinder/ => C:\Users\User\.stmcufinder\plugins\mcufinder
2021-06-04 17:21:38,041 [INFO] CrossReferenceDbSqlite:196 - Set database path to: C:\Users\User\.stmcufinder\plugins\mcufinder//mcu/cs/
2021-06-04 17:21:38,041 [WARN] DbFile:35 - Overriding database path with different value: C:\Users\User\.stmcufinder\plugins\mcufinder/ => C:\Users\User\.stmcufinder\plugins\mcufinder
2021-06-04 17:21:38,041 [INFO] DbExamplesSqlite:690 - Set database path to: C:\Users\User\.stmcufinder\plugins\mcufinder//mcu/
2021-06-04 17:21:38,117 [INFO] MainPanel:204 - HeapMemory: 498073600
2021-06-04 17:21:38,201 [INFO] DbMcusXml:74 - Set database path to: C:\ST\STM32CubeIDE_1.6.0\STM32CubeIDE\plugins\com.st.stm32cube.common.mx_6.2.1.202103241236\\db\/mcu/
2021-06-04 17:21:38,201 [INFO] DbBoardsPdsc:56 - Set plugin database path to: C:\ST\STM32CubeIDE_1.6.0\STM32CubeIDE\plugins\com.st.stm32cube.common.mx_6.2.1.202103241236\\db\/plugins/boardmanager/
2021-06-04 17:21:38,202 [INFO] DbMcus:258 - Set plugin images path to: C:\ST\STM32CubeIDE_1.6.0\STM32CubeIDE\plugins\com.st.stm32cube.common.mx_6.2.1.202103241236\\db\/plugins/mcufinder/images/
2021-06-04 17:21:38,202 [INFO] DbBoards:264 - Set plugin images path to: C:\ST\STM32CubeIDE_1.6.0\STM32CubeIDE\plugins\com.st.stm32cube.common.mx_6.2.1.202103241236\\db\/plugins/mcufinder/images/
2021-06-04 17:21:38,202 [INFO] DbExamples:333 - Set plugin images path to: C:\ST\STM32CubeIDE_1.6.0\STM32CubeIDE\plugins\com.st.stm32cube.common.mx_6.2.1.202103241236\\db\/plugins/mcufinder/images/
2021-06-04 17:21:38,203 [WARN] DbFile:35 - Overriding database path with different value: C:\Users\User\.stmcufinder\plugins\mcufinder/ => C:\Users\User\.stmcufinder\plugins\mcufinder
2021-06-04 17:21:38,203 [INFO] DbMcusAds:85 - Set database path to: C:\Users\User\.stmcufinder\plugins\mcufinder//mcu/
2021-06-04 17:21:38,203 [WARN] DbFile:35 - Overriding database path with different value: C:\Users\User\.stmcufinder\plugins\mcufinder/ => C:\Users\User\.stmcufinder\plugins\mcufinder
2021-06-04 17:21:38,203 [INFO] DbMcusDocs:110 - Set database path to: C:\Users\User\.stmcufinder\plugins\mcufinder//mcu/
2021-06-04 17:21:38,203 [WARN] DbFile:35 - Overriding database path with different value: C:\Users\User\.stmcufinder\plugins\mcufinder/ => C:\Users\User\.stmcufinder\plugins\mcufinder
2021-06-04 17:21:38,203 [INFO] DbMcusJson:65 - Set database path to: C:\Users\User\.stmcufinder\plugins\mcufinder//mcu/
2021-06-04 17:21:38,203 [WARN] DbFile:35 - Overriding database path with different value: C:\Users\User\.stmcufinder\plugins\mcufinder/ => C:\Users\User\.stmcufinder\plugins\mcufinder
2021-06-04 17:21:38,203 [INFO] DbBoardsDocs:110 - Set database path to: C:\Users\User\.stmcufinder\plugins\mcufinder//mcu/
2021-06-04 17:21:38,204 [WARN] DbFile:35 - Overriding database path with different value: C:\Users\User\.stmcufinder\plugins\mcufinder/ => C:\Users\User\.stmcufinder\plugins\mcufinder
2021-06-04 17:21:38,204 [INFO] DbBoardsJson:58 - Set database path to: C:\Users\User\.stmcufinder\plugins\mcufinder//mcu/
2021-06-04 17:21:38,204 [WARN] DbFile:35 - Overriding database path with different value: C:\Users\User\.stmcufinder\plugins\mcufinder/ => C:\Users\User\.stmcufinder\plugins\mcufinder
2021-06-04 17:21:38,204 [WARN] DbFile:35 - Overriding database path with different value: C:\Users\User\.stmcufinder\plugins\mcufinder/ => C:\Users\User\.stmcufinder\plugins\mcufinder
2021-06-04 17:21:38,204 [INFO] CrossReferenceDbSqlite:196 - Set database path to: C:\Users\User\.stmcufinder\plugins\mcufinder//mcu/cs/
2021-06-04 17:21:38,204 [WARN] DbFile:35 - Overriding database path with different value: C:\Users\User\.stmcufinder\plugins\mcufinder/ => C:\Users\User\.stmcufinder\plugins\mcufinder
2021-06-04 17:21:38,204 [INFO] DbExamplesSqlite:690 - Set database path to: C:\Users\User\.stmcufinder\plugins\mcufinder//mcu/
2021-06-04 17:21:38,221 [INFO] ApplicationProperties:181 - Using Application install path: C:\ST\STM32CubeIDE_1.6.0\STM32CubeIDE\plugins\com.st.stm32cube.common.mx_6.2.1.202103241236
2021-06-04 17:21:38,222 [INFO] PluginManage:178 - Search for loadable plugins [exclusion list=, ]
2021-06-04 17:21:38,222 [INFO] PluginManage:292 - Check plugin analytics
2021-06-04 17:21:38,393 [INFO] AnalyticsPlugin:233 - Accepted Software Licenses: 
2021-06-04 17:21:38,394 [INFO] AnalyticsPlugin:235 - Accepted CMSIS Pack Licenses: 
2021-06-04 17:21:38,394 [INFO] AnalyticsPlugin:237 - Accepted Firmware Licenses: 
2021-06-04 17:21:38,394 [INFO] PluginManage:342 - Loaded plugin analytics (category:tool,tabindex:-1)
2021-06-04 17:21:38,395 [INFO] PluginManage:292 - Check plugin clock
2021-06-04 17:21:38,416 [INFO] PluginManage:342 - Loaded plugin clock (category:base,tabindex:2)
2021-06-04 17:21:38,416 [INFO] PluginManage:292 - Check plugin ddr
2021-06-04 17:21:38,419 [INFO] PluginManage:342 - Loaded plugin ddr (category:tool,tabindex:6)
2021-06-04 17:21:38,419 [INFO] PluginManage:292 - Check plugin filemanager
2021-06-04 17:21:38,541 [INFO] PluginManage:342 - Loaded plugin filemanager (category:base,tabindex:10)
2021-06-04 17:21:38,542 [INFO] PluginManage:292 - Check plugin ipmanager
2021-06-04 17:21:38,555 [INFO] PluginManage:342 - Loaded plugin ipmanager (category:base,tabindex:5)
2021-06-04 17:21:38,555 [INFO] PluginManage:292 - Check plugin pinoutandconfiguration
2021-06-04 17:21:38,572 [INFO] PluginManage:342 - Loaded plugin pinoutandconfiguration (category:base,tabindex:1)
2021-06-04 17:21:38,572 [INFO] PluginManage:292 - Check plugin pinoutconfig
2021-06-04 17:21:38,609 [INFO] PluginManage:342 - Loaded plugin pinoutconfig (category:base,tabindex:0)
2021-06-04 17:21:38,609 [INFO] PluginManage:292 - Check plugin power
2021-06-04 17:21:38,629 [INFO] PluginManage:342 - Loaded plugin power (category:power,tabindex:4)
2021-06-04 17:21:38,629 [INFO] PluginManage:292 - Check plugin projectmanager
2021-06-04 17:21:38,647 [INFO] PluginManage:342 - Loaded plugin projectmanager (category:projectmanager,tabindex:3)
2021-06-04 17:21:38,647 [INFO] PluginManage:292 - Check plugin thirdparty
2021-06-04 17:21:38,841 [INFO] PluginManage:342 - Loaded plugin thirdparty (category:base,tabindex:-1)
2021-06-04 17:21:38,841 [WARN] IntegrityCheckThread:59 - waiting for thirdparty lock release [integrity check]
2021-06-04 17:21:38,857 [INFO] IntegrityCheckThread:61 - entering critical section [integrity check]
2021-06-04 17:21:38,841 [INFO] PluginManage:292 - Check plugin tools
2021-06-04 17:21:38,857 [INFO] ThirdPartyUpdaterWithRetryManager:56 - Updater plugin not ready yet. [1/15]
2021-06-04 17:21:38,890 [INFO] PluginManage:342 - Loaded plugin tools (category:base,tabindex:7)
2021-06-04 17:21:38,890 [INFO] PluginManage:292 - Check plugin tutovideos
2021-06-04 17:21:39,187 [INFO] PluginManage:342 - Loaded plugin tutovideos (category:base,tabindex:-1)
2021-06-04 17:21:39,187 [INFO] PluginManage:292 - Check plugin updater
2021-06-04 17:21:39,203 [INFO] PluginManage:342 - Loaded plugin updater (category:base,tabindex:12)
2021-06-04 17:21:39,203 [INFO] PluginManage:265 - PluginManage : Loaded plugins [13]
2021-06-04 17:21:39,359 [INFO] PinOutPanel:1435 - setPackage(No Configuration,No Configuration)
2021-06-04 17:21:39,459 [INFO] IPUIPlugin:64 - create IPUIPlugin
2021-06-04 17:21:39,459 [INFO] PluginManager:203 - loadIPPluginJar : add adc
2021-06-04 17:21:39,475 [INFO] IPUIPlugin:64 - create IPUIPlugin
2021-06-04 17:21:39,475 [INFO] PluginManager:203 - loadIPPluginJar : add aes
2021-06-04 17:21:39,511 [INFO] IPUIPlugin:64 - create IPUIPlugin
2021-06-04 17:21:39,511 [INFO] PluginManager:203 - loadIPPluginJar : add can
2021-06-04 17:21:39,542 [INFO] IPUIPlugin:64 - create IPUIPlugin
2021-06-04 17:21:39,542 [INFO] PluginManager:203 - loadIPPluginJar : add comp
2021-06-04 17:21:39,559 [INFO] IPUIPlugin:64 - create IPUIPlugin
2021-06-04 17:21:39,559 [INFO] PluginManager:203 - loadIPPluginJar : add cryp
2021-06-04 17:21:39,591 [INFO] IPUIPlugin:64 - create IPUIPlugin
2021-06-04 17:21:39,591 [INFO] PluginManager:203 - loadIPPluginJar : add dfsdm
2021-06-04 17:21:39,606 [INFO] IPUIPlugin:64 - create IPUIPlugin
2021-06-04 17:21:39,606 [INFO] PluginManager:203 - loadIPPluginJar : add dma
2021-06-04 17:21:39,626 [INFO] IPUIPlugin:64 - create IPUIPlugin
2021-06-04 17:21:39,626 [INFO] PluginManager:203 - loadIPPluginJar : add fatfs
2021-06-04 17:21:39,660 [INFO] IPUIPlugin:64 - create IPUIPlugin
2021-06-04 17:21:39,660 [INFO] PluginManager:203 - loadIPPluginJar : add fmc
2021-06-04 17:21:39,676 [INFO] IPUIPlugin:64 - create IPUIPlugin
2021-06-04 17:21:39,676 [INFO] PluginManager:203 - loadIPPluginJar : add freertos
2021-06-04 17:21:39,707 [INFO] IPUIPlugin:64 - create IPUIPlugin
2021-06-04 17:21:39,707 [INFO] PluginManager:203 - loadIPPluginJar : add genericplugin
2021-06-04 17:21:39,759 [INFO] IPUIPlugin:64 - create IPUIPlugin
2021-06-04 17:21:39,759 [INFO] PluginManager:203 - loadIPPluginJar : add gfxmmu
2021-06-04 17:21:39,842 [INFO] IPUIPlugin:64 - create IPUIPlugin
2021-06-04 17:21:39,842 [INFO] PluginManager:203 - loadIPPluginJar : add gic
2021-06-04 17:21:39,859 [INFO] IPUIPlugin:64 - create IPUIPlugin
2021-06-04 17:21:39,859 [INFO] PluginManager:203 - loadIPPluginJar : add gpio
2021-06-04 17:21:39,922 [INFO] IPUIPlugin:64 - create IPUIPlugin
2021-06-04 17:21:39,922 [INFO] PluginManager:203 - loadIPPluginJar : add gtzc
2021-06-04 17:21:39,938 [INFO] IPUIPlugin:64 - create IPUIPlugin
2021-06-04 17:21:39,938 [INFO] PluginManager:203 - loadIPPluginJar : add hash
2021-06-04 17:21:39,989 [INFO] IPUIPlugin:64 - create IPUIPlugin
2021-06-04 17:21:39,989 [INFO] PluginManager:203 - loadIPPluginJar : add i2c
2021-06-04 17:21:40,021 [INFO] IPUIPlugin:64 - create IPUIPlugin
2021-06-04 17:21:40,021 [INFO] PluginManager:203 - loadIPPluginJar : add i2s
2021-06-04 17:21:40,032 [INFO] IPUIPlugin:64 - create IPUIPlugin
2021-06-04 17:21:40,032 [INFO] PluginManager:203 - loadIPPluginJar : add ipddr
2021-06-04 17:21:40,059 [INFO] IPUIPlugin:64 - create IPUIPlugin
2021-06-04 17:21:40,060 [INFO] PluginManager:203 - loadIPPluginJar : add lorawan
2021-06-04 17:21:40,080 [INFO] IPUIPlugin:64 - create IPUIPlugin
2021-06-04 17:21:40,080 [INFO] PluginManager:203 - loadIPPluginJar : add ltdc
2021-06-04 17:21:40,095 [INFO] IPUIPlugin:64 - create IPUIPlugin
2021-06-04 17:21:40,095 [INFO] PluginManager:203 - loadIPPluginJar : add mdma
2021-06-04 17:21:40,111 [INFO] IPUIPlugin:64 - create IPUIPlugin
2021-06-04 17:21:40,111 [INFO] PluginManager:203 - loadIPPluginJar : add nvic
2021-06-04 17:21:40,142 [INFO] IPUIPlugin:64 - create IPUIPlugin
2021-06-04 17:21:40,142 [INFO] PluginManager:203 - loadIPPluginJar : add opamp
2021-06-04 17:21:40,180 [INFO] IPUIPlugin:64 - create IPUIPlugin
2021-06-04 17:21:40,180 [INFO] PluginManager:203 - loadIPPluginJar : add openamp
2021-06-04 17:21:40,211 [INFO] IPUIPlugin:64 - create IPUIPlugin
2021-06-04 17:21:40,211 [INFO] PluginManager:203 - loadIPPluginJar : add pdm2pcm
2021-06-04 17:21:40,227 [INFO] IPUIPlugin:64 - create IPUIPlugin
2021-06-04 17:21:40,227 [INFO] PluginManager:203 - loadIPPluginJar : add plateformsettings
2021-06-04 17:21:40,259 [INFO] IPUIPlugin:64 - create IPUIPlugin
2021-06-04 17:21:40,259 [INFO] PluginManager:203 - loadIPPluginJar : add quadspi
2021-06-04 17:21:40,259 [INFO] IPUIPlugin:64 - create IPUIPlugin
2021-06-04 17:21:40,259 [INFO] PluginManager:203 - loadIPPluginJar : add resmgrutility
2021-06-04 17:21:40,311 [INFO] IPUIPlugin:64 - create IPUIPlugin
2021-06-04 17:21:40,311 [INFO] PluginManager:203 - loadIPPluginJar : add sai
2021-06-04 17:21:40,327 [INFO] IPUIPlugin:64 - create IPUIPlugin
2021-06-04 17:21:40,327 [INFO] PluginManager:203 - loadIPPluginJar : add spi
2021-06-04 17:21:40,375 [INFO] IPUIPlugin:64 - create IPUIPlugin
2021-06-04 17:21:40,375 [INFO] PluginManager:203 - loadIPPluginJar : add stm32_wpan
2021-06-04 17:21:40,391 [INFO] IPUIPlugin:64 - create IPUIPlugin
2021-06-04 17:21:40,391 [INFO] PluginManager:203 - loadIPPluginJar : add tim
2021-06-04 17:21:40,442 [INFO] IPUIPlugin:64 - create IPUIPlugin
2021-06-04 17:21:40,442 [INFO] PluginManager:203 - loadIPPluginJar : add touchsensing
2021-06-04 17:21:40,475 [INFO] IPUIPlugin:64 - create IPUIPlugin
2021-06-04 17:21:40,475 [INFO] PluginManager:203 - loadIPPluginJar : add tracer_emb
2021-06-04 17:21:40,491 [INFO] IPUIPlugin:64 - create IPUIPlugin
2021-06-04 17:21:40,491 [INFO] PluginManager:203 - loadIPPluginJar : add ts
2021-06-04 17:21:40,507 [INFO] IPUIPlugin:64 - create IPUIPlugin
2021-06-04 17:21:40,507 [INFO] PluginManager:203 - loadIPPluginJar : add tsc
2021-06-04 17:21:40,527 [INFO] IPUIPlugin:64 - create IPUIPlugin
2021-06-04 17:21:40,527 [INFO] PluginManager:203 - loadIPPluginJar : add ucpd
2021-06-04 17:21:40,560 [INFO] IPUIPlugin:64 - create IPUIPlugin
2021-06-04 17:21:40,560 [INFO] PluginManager:203 - loadIPPluginJar : add usart
2021-06-04 17:21:40,892 [FATAL] Updater:284 - Updater called before beeing initialized
2021-06-04 17:21:41,004 [FATAL] Updater:284 - Updater called before beeing initialized
2021-06-04 17:21:41,013 [INFO] DbMcusAds:132 - JSON generation date=Tue Apr 20 12:17:47 CEST 2021 (1618913867047)
2021-06-04 17:21:41,014 [FATAL] Updater:284 - Updater called before beeing initialized
2021-06-04 17:21:41,053 [WARN] DetailPanel:315 - Failed to get advertising image, set to default
2021-06-04 17:21:41,244 [FATAL] Updater:284 - Updater called before beeing initialized
2021-06-04 17:21:41,244 [FATAL] Updater:284 - Updater called before beeing initialized
2021-06-04 17:21:41,244 [FATAL] Updater:284 - Updater called before beeing initialized
2021-06-04 17:21:41,244 [WARN] DetailPanel:315 - Failed to get advertising image, set to default
2021-06-04 17:21:41,244 [FATAL] Updater:284 - Updater called before beeing initialized
2021-06-04 17:21:41,292 [FATAL] Updater:284 - Updater called before beeing initialized
2021-06-04 17:21:41,292 [WARN] ThirdParty:796 - waiting for thirdparty lock release [close project]
2021-06-04 17:21:41,865 [INFO] ThirdPartyUpdaterWithRetryManager:56 - Updater plugin not ready yet. [2/15]
2021-06-04 17:21:44,876 [FATAL] Updater:284 - Updater called before beeing initialized
2021-06-04 17:21:44,876 [ERROR] AbstractThirdPartyUpdaterManager:153 - class java.lang.Integer cannot be cast to class java.util.List (java.lang.Integer and java.util.List are in module java.base of loader 'bootstrap')
2021-06-04 17:21:44,876 [INFO] ThirdParty:900 - Integrity check success = false
2021-06-04 17:21:44,877 [INFO] IntegrityCheckThread:75 - exiting critical section [integrity check]
2021-06-04 17:21:44,877 [INFO] IntegrityCheckThread:78 - End integrity checks thread
2021-06-04 17:21:44,877 [INFO] ThirdParty:798 - entering critical section [close project]
2021-06-04 17:21:44,877 [INFO] ThirdParty:809 - exiting critical section [close project]
2021-06-04 17:21:44,877 [INFO] PinOutPanel:1435 - setPackage(No Configuration,No Configuration)
2021-06-04 17:21:44,877 [FATAL] Updater:284 - Updater called before beeing initialized
2021-06-04 17:21:44,892 [ERROR] Updater:1065 - MainUpdater not yet initialized. External WinMGr cannot be set.
2021-06-04 17:21:44,908 [INFO] Updater:1002 - Updater Version found : 6.2.1
2021-06-04 17:21:44,929 [INFO] ApplicationProperties:181 - Using Application install path: C:\ST\STM32CubeIDE_1.6.0\STM32CubeIDE\plugins\com.st.stm32cube.common.mx_6.2.1.202103241236
2021-06-04 17:21:45,122 [INFO] MainUpdater:2661 - connection check result : 10
2021-06-04 17:21:45,122 [INFO] MainUpdater:3349 - Updater definition file requires update
2021-06-04 17:21:45,123 [INFO] MainUpdater:255 - Updater Check For Update Now.
2021-06-04 17:21:45,126 [INFO] MicroXplorer:472 - Change Database Version : DB.6.0.21
2021-06-04 17:21:45,165 [INFO] ServerAccessManage:348 - Download File updaters.zip
2021-06-04 17:21:45,282 [INFO] FileExtend:225 - Unzip File : updaters.zip
2021-06-04 17:21:45,282 [INFO] FileExtend:240 - Standard Zip Deflate
2021-06-04 17:21:45,614 [INFO] ServerAccessManage:348 - Download File PacksControlFlags.xml
2021-06-04 17:21:45,695 [INFO] ServerAccessManage:348 - Download File cubemx.pidx
2021-06-04 17:21:45,778 [INFO] LoadServerUpdatesThread:329 - End of LoadServerUpdate Thread
2021-06-04 17:21:45,810 [INFO] CheckServerUpdateThread:102 - End of CheckServer Thread
2021-06-04 17:21:45,911 [INFO] MainUpdater:2661 - connection check result : 10
2021-06-04 17:21:45,911 [INFO] MainUpdater:2661 - connection check result : 10
2021-06-04 17:21:46,110 [INFO] MicroXplorer:442 - Change Database Path : 
2021-06-04 17:21:46,110 [INFO] MicroXplorer:472 - Change Database Version : DB.6.0.21
2021-06-04 17:21:46,110 [WARN] ThirdParty:796 - waiting for thirdparty lock release [close project]
2021-06-04 17:21:46,110 [INFO] ThirdParty:798 - entering critical section [close project]
2021-06-04 17:21:46,110 [INFO] ThirdParty:809 - exiting critical section [close project]
2021-06-04 17:21:46,110 [INFO] PinOutPanel:1435 - setPackage(No Configuration,No Configuration)
2021-06-04 17:21:46,110 [INFO] UtilMem:74 - Begin LoadConfig() Used Memory: 157476808 Bytes (500170752)
2021-06-04 17:21:46,110 [INFO] MicroXplorer:442 - Change Database Path : 
2021-06-04 17:21:46,110 [INFO] MicroXplorer:472 - Change Database Version : DB.6.0.21
2021-06-04 17:21:46,110 [INFO] OpenFileManager:303 - Change cursor
2021-06-04 17:21:46,126 [WARN] IntegrityCheckThread:59 - waiting for thirdparty lock release [integrity check]
2021-06-04 17:21:46,126 [INFO] IntegrityCheckThread:61 - entering critical section [integrity check]
2021-06-04 17:21:46,211 [WARN] PackLoader:226 - Cannot read IP mode file for RoweBots.I-CUBE-UNISONRTOS.5.5.0-4
2021-06-04 17:21:46,242 [WARN] PackLoader:226 - Cannot read IP mode file for STMicroelectronics.X-CUBE-SFXS2LP1.3.0.0
2021-06-04 17:21:46,295 [WARN] PackLoader:226 - Cannot read IP mode file for STMicroelectronics.X-CUBE-SUBG2.4.1.0
2021-06-04 17:21:46,373 [WARN] PackLoader:226 - Cannot read IP mode file for STMicroelectronics.X-CUBE-MEMS1.8.2.0
2021-06-04 17:21:46,504 [WARN] PackLoader:226 - Cannot read IP mode file for STMicroelectronics.X-CUBE-EEPRMA1.3.0.0
2021-06-04 17:21:46,567 [WARN] PackLoader:226 - Cannot read IP mode file for SEGGER.I-CUBE-embOS.1.2.0
2021-06-04 17:21:46,620 [WARN] PackLoader:226 - Cannot read IP mode file for STMicroelectronics.X-CUBE-BLE1.6.2.0
2021-06-04 17:21:46,620 [WARN] PackLoader:226 - Cannot read IP mode file for STMicroelectronics.X-CUBE-NFC4.2.0.2
2021-06-04 17:21:46,635 [WARN] PackLoader:226 - Cannot read IP mode file for STMicroelectronics.X-CUBE-BLE2.3.2.0
2021-06-04 17:21:46,651 [WARN] PackLoader:226 - Cannot read IP mode file for STMicroelectronics.X-CUBE-SUBG2.4.0.0
2021-06-04 17:21:46,667 [WARN] PackLoader:226 - Cannot read IP mode file for STMicroelectronics.X-CUBE-TOF1.1.0.0
2021-06-04 17:21:46,699 [WARN] PackLoader:226 - Cannot read IP mode file for STMicroelectronics.X-CUBE-AZRTOS-H7.1.0.0
2021-06-04 17:21:46,744 [WARN] PackLoader:226 - Cannot read IP mode file for STMicroelectronics.X-CUBE-MEMS1.8.3.0
2021-06-04 17:21:46,850 [WARN] PackLoader:226 - Cannot read IP mode file for STMicroelectronics.X-CUBE-DISPLAY.1.0.0
2021-06-04 17:21:46,864 [WARN] PackLoader:226 - Cannot read IP mode file for STMicroelectronics.X-CUBE-AI.6.0.0
2021-06-04 17:21:46,870 [WARN] PackLoader:226 - Cannot read IP mode file for STMicroelectronics.X-CUBE-ALGOBUILD.1.2.0
2021-06-04 17:21:46,885 [WARN] PackLoader:226 - Cannot read IP mode file for STMicroelectronics.X-CUBE-GNSS1.5.2.0
2021-06-04 17:21:46,895 [WARN] PackLoader:226 - Cannot read IP mode file for STMicroelectronics.X-CUBE-BLE1.6.1.0
2021-06-04 17:21:46,904 [WARN] PackLoader:226 - Cannot read IP mode file for wolfSSL.I-CUBE-wolfSSL.4.7.0
2021-06-04 17:21:46,909 [WARN] PackLoader:226 - Cannot read IP mode file for STMicroelectronics.X-CUBE-TOUCHGFX.4.16.1
2021-06-04 17:21:46,909 [INFO] ThirdParty:900 - Integrity check success = true
2021-06-04 17:21:46,909 [INFO] IntegrityCheckThread:75 - exiting critical section [integrity check]
2021-06-04 17:21:46,909 [INFO] IntegrityCheckThread:78 - End integrity checks thread
2021-06-04 17:21:48,819 [INFO] Context:587 - Trying to add GPIOservice into a context  which must be forbidden
2021-06-04 17:21:49,322 [WARN] ApiManager:294 - Cannot register API 'Board Extension:S2868A1' from pack STMicroelectronics.X-CUBE-SFXS2LP1.3.0.0: no header file found
2021-06-04 17:21:49,322 [WARN] ApiManager:294 - Cannot register API 'Board Extension:S2868A2' from pack STMicroelectronics.X-CUBE-SFXS2LP1.3.0.0: no header file found
2021-06-04 17:21:49,322 [WARN] ApiManager:294 - Cannot register API 'Board Extension:S2915A1' from pack STMicroelectronics.X-CUBE-SFXS2LP1.3.0.0: no header file found
2021-06-04 17:21:49,322 [WARN] ModelIntegratedComponent:51 - No mode defined for component null
2021-06-04 17:21:49,322 [WARN] ModelIntegratedComponent:51 - No mode defined for component null
2021-06-04 17:21:49,322 [WARN] ModelIntegratedComponent:51 - No mode defined for component null
2021-06-04 17:21:49,322 [WARN] ModelIntegratedComponent:51 - No mode defined for component null
2021-06-04 17:21:49,322 [WARN] ModelIntegratedComponent:51 - No mode defined for component null
2021-06-04 17:21:49,322 [WARN] ModelIntegratedComponent:51 - No mode defined for component null
2021-06-04 17:21:49,322 [WARN] ModelIntegratedComponent:51 - No mode defined for component null
2021-06-04 17:21:49,322 [WARN] ModelIntegratedComponent:51 - No mode defined for component null
2021-06-04 17:21:49,322 [WARN] ModelIntegratedComponent:51 - No mode defined for component null
2021-06-04 17:21:49,322 [WARN] ModelIntegratedComponent:51 - No mode defined for component null
2021-06-04 17:21:49,322 [WARN] ModelIntegratedComponent:51 - No mode defined for component null
2021-06-04 17:21:49,322 [WARN] ModelIntegratedComponent:51 - No mode defined for component null
2021-06-04 17:21:49,322 [WARN] ModelIntegratedComponent:51 - No mode defined for component null
2021-06-04 17:21:49,322 [WARN] ModelIntegratedComponent:51 - No mode defined for component null
2021-06-04 17:21:49,322 [WARN] ModelIntegratedComponent:51 - No mode defined for component null
2021-06-04 17:21:49,322 [WARN] ModelIntegratedComponent:51 - No mode defined for component null
2021-06-04 17:21:49,322 [WARN] ModelIntegratedComponent:51 - No mode defined for component null
2021-06-04 17:21:49,322 [WARN] ModelIntegratedComponent:51 - No mode defined for component null
2021-06-04 17:21:49,322 [WARN] ModelIntegratedComponent:51 - No mode defined for component null
2021-06-04 17:21:49,322 [WARN] ModelIntegratedComponent:51 - No mode defined for component null
2021-06-04 17:21:49,322 [WARN] ModelIntegratedComponent:51 - No mode defined for component null
2021-06-04 17:21:49,322 [WARN] ModelIntegratedComponent:51 - No mode defined for component null
2021-06-04 17:21:49,322 [WARN] ModelIntegratedComponent:51 - No mode defined for component null
2021-06-04 17:21:49,322 [WARN] ModelIntegratedComponent:51 - No mode defined for component null
2021-06-04 17:21:49,322 [WARN] ModelIntegratedComponent:51 - No mode defined for component null
2021-06-04 17:21:49,322 [WARN] ModelIntegratedComponent:51 - No mode defined for component null
2021-06-04 17:21:49,322 [WARN] ModelIntegratedComponent:51 - No mode defined for component null
2021-06-04 17:21:49,338 [WARN] ApiManager:294 - Cannot register API 'Board Extension:S2868A1' from pack STMicroelectronics.X-CUBE-SUBG2.4.1.0: no header file found
2021-06-04 17:21:49,338 [WARN] ApiManager:294 - Cannot register API 'Board Extension:S2868A2' from pack STMicroelectronics.X-CUBE-SUBG2.4.1.0: no header file found
2021-06-04 17:21:49,338 [WARN] ApiManager:294 - Cannot register API 'Board Extension:S2915A1' from pack STMicroelectronics.X-CUBE-SUBG2.4.1.0: no header file found
2021-06-04 17:21:49,338 [WARN] ApiManager:294 - Cannot register API 'Board Extension:S2868A1' from pack STMicroelectronics.X-CUBE-SUBG2.4.0.0: no header file found
2021-06-04 17:21:49,338 [WARN] ApiManager:294 - Cannot register API 'Board Extension:S2868A2' from pack STMicroelectronics.X-CUBE-SUBG2.4.0.0: no header file found
2021-06-04 17:21:49,338 [WARN] ApiManager:294 - Cannot register API 'Board Extension:S2915A1' from pack STMicroelectronics.X-CUBE-SUBG2.4.0.0: no header file found
2021-06-04 17:21:49,470 [WARN] ApiManager:294 - Cannot register API 'Board Extension:IKS01A3' from pack STMicroelectronics.X-CUBE-MEMS1.8.2.0: no header file found
2021-06-04 17:21:49,470 [WARN] ApiManager:294 - Cannot register API 'Board Extension:IKS01A2' from pack STMicroelectronics.X-CUBE-MEMS1.8.2.0: no header file found
2021-06-04 17:21:49,470 [WARN] ApiManager:294 - Cannot register API 'Board Extension:IKS02A1' from pack STMicroelectronics.X-CUBE-MEMS1.8.2.0: no header file found
2021-06-04 17:21:49,475 [WARN] ApiManager:294 - Cannot register API 'Board Extension:EEPRMA1' from pack STMicroelectronics.X-CUBE-EEPRMA1.3.0.0: no header file found
2021-06-04 17:21:49,475 [WARN] ApiManager:294 - Cannot register API 'Board Extension:EEPRMA2' from pack STMicroelectronics.X-CUBE-EEPRMA1.3.0.0: no header file found
2021-06-04 17:21:49,589 [WARN] ApiManager:294 - Cannot register API 'Board Extension:IKS01A3' from pack STMicroelectronics.X-CUBE-MEMS1.8.3.0: no header file found
2021-06-04 17:21:49,589 [WARN] ApiManager:294 - Cannot register API 'Board Extension:IKS01A2' from pack STMicroelectronics.X-CUBE-MEMS1.8.3.0: no header file found
2021-06-04 17:21:49,589 [WARN] ApiManager:294 - Cannot register API 'Board Extension:IKS02A1' from pack STMicroelectronics.X-CUBE-MEMS1.8.3.0: no header file found
2021-06-04 17:21:49,589 [INFO] RtosManager:470 - Registered RTOS mode: class=CMSIS, group=RTOS, mode=CMSIS_V1, owner=FREERTOS
2021-06-04 17:21:49,589 [INFO] RtosManager:470 - Registered RTOS mode: class=CMSIS, group=RTOS2, mode=CMSIS_V2, owner=FREERTOS
2021-06-04 17:21:49,589 [INFO] RtosManager:470 - Registered RTOS mode: class=RTOS, group=Core, mode=CMSIS_V1, owner=FREERTOS
2021-06-04 17:21:49,589 [INFO] RtosManager:470 - Registered RTOS mode: class=RTOS, group=Core, mode=CMSIS_V2, owner=FREERTOS
2021-06-04 17:21:49,589 [WARN] ModelIntegratedComponent:182 - Missing modes for component STMicroelectronics:FreeRTOS:0.0.1:STMicroelectronics:RTOS:FreeRTOS:Core:::10.2.0:
2021-06-04 17:21:49,605 [WARN] ApiManager:294 - Cannot register API 'Board Extension:GNSS1A1' from pack STMicroelectronics.X-CUBE-GNSS1.5.2.0: no header file found
2021-06-04 17:21:49,605 [WARN] ApiManager:294 - Cannot register API 'Board Support:Custom' from pack STMicroelectronics.X-CUBE-GNSS1.5.2.0: no header file found
2021-06-04 17:21:49,605 [WARN] ApiManager:294 - Cannot register API 'Data Exchange:lib_gnss' from pack STMicroelectronics.X-CUBE-GNSS1.5.2.0: no header file found
2021-06-04 17:21:49,605 [WARN] ApiManager:294 - Cannot register API 'Wireless:BlueNRG-MS' from pack STMicroelectronics.X-CUBE-BLE1.6.1.0: no header file found
2021-06-04 17:21:49,605 [WARN] ApiManager:294 - Cannot register API 'Wireless:BlueNRG-MS' from pack STMicroelectronics.X-CUBE-BLE1.6.2.0: no header file found
2021-06-04 17:21:49,605 [WARN] ApiManager:294 - Cannot register API 'Board Extension:NFC04A1' from pack STMicroelectronics.X-CUBE-NFC4.2.0.2: no header file found
2021-06-04 17:21:49,605 [WARN] ApiManager:294 - Cannot register API 'Wireless:BlueNRG-2' from pack STMicroelectronics.X-CUBE-BLE2.3.2.0: no header file found
2021-06-04 17:21:50,356 [INFO] ImportTextPane:162 - (OptionalMessage_ERROR) IP (DMA) : Parameter (Instance) has Id (SPI2_RX) currently not set
2021-06-04 17:21:50,356 [INFO] ImportTextPane:162 - (OptionalMessage_ERROR) IP (DMA) : Parameter (Channel) has Id (SPI2_RX) currently not set
2021-06-04 17:21:50,356 [INFO] ImportTextPane:162 - (OptionalMessage_ERROR) IP (DMA) : Parameter (Direction) has Id (SPI2_RX) currently not set
2021-06-04 17:21:50,356 [INFO] ImportTextPane:162 - (OptionalMessage_ERROR) IP (DMA) : Parameter (PeriphInc) has Id (SPI2_RX) currently not set
2021-06-04 17:21:50,356 [INFO] ImportTextPane:162 - (OptionalMessage_ERROR) IP (DMA) : Parameter (MemInc) has Id (SPI2_RX) currently not set
2021-06-04 17:21:50,356 [INFO] ImportTextPane:162 - (OptionalMessage_ERROR) IP (DMA) : Parameter (PeriphDataAlignment) has Id (SPI2_RX) currently not set
2021-06-04 17:21:50,356 [INFO] ImportTextPane:162 - (OptionalMessage_ERROR) IP (DMA) : Parameter (MemDataAlignment) has Id (SPI2_RX) currently not set
2021-06-04 17:21:50,356 [INFO] ImportTextPane:162 - (OptionalMessage_ERROR) IP (DMA) : Parameter (Mode) has Id (SPI2_RX) currently not set
2021-06-04 17:21:50,356 [INFO] ImportTextPane:162 - (OptionalMessage_ERROR) IP (DMA) : Parameter (Priority) has Id (SPI2_RX) currently not set
2021-06-04 17:21:50,356 [INFO] ImportTextPane:162 - (OptionalMessage_ERROR) IP (DMA) : Parameter (FIFOMode) has Id (SPI2_RX) currently not set
2021-06-04 17:21:50,356 [INFO] ImportTextPane:162 - (OptionalMessage_ERROR) IP (RCC) : Parameter (48MHZClocksFreq_Value) has invalid value (84000000)
2021-06-04 17:21:50,356 [INFO] ImportTextPane:162 - (OptionalMessage_ERROR) IP (RCC) : Parameter (RTCHSEDivFreq_Value) has invalid value (4000000)
2021-06-04 17:21:50,587 [INFO] UtilMem:74 - End LoadConfig() Used Memory: 265264960 Bytes (500170752)
2021-06-04 17:21:50,603 [INFO] DbMcusXml:100 - Load MCU database from C:\ST\STM32CubeIDE_1.6.0\STM32CubeIDE\plugins\com.st.stm32cube.common.mx_6.2.1.202103241236\\db\/mcu/families.xml
2021-06-04 17:21:51,194 [INFO] DbMcusJson:94 - JSON generation date=Mon Feb 08 14:35:07 CET 2021 (1612791307)
2021-06-04 17:21:51,779 [INFO] DbMcus:175 - Found 1906 MCUs (1866 are supported by CubeMX, 1866 are visible in CubeMX)
2021-06-04 17:21:51,779 [INFO] ApiDb:251 - Load user favorites file C:\Users\User/.stm32cubeide/favorites.mcus.txt: 1 item(s)
2021-06-04 17:21:51,779 [INFO] ApiDb:255 - User favorites MCUs=[STM32F407VGTx]
2021-06-04 17:21:51,789 [INFO] DbMcus:187 - Set 1 / 1 favorites MCUs
2021-06-04 17:21:51,789 [WARN] ThirdParty:762 - waiting for thirdparty lock release [change project]
2021-06-04 17:21:51,789 [INFO] ThirdParty:764 - entering critical section [change project]
2021-06-04 17:21:51,789 [INFO] ThirdParty:952 - CMSIS Pack Vendor :RoweBots I-CUBE-UNISONRTOS 5.5.0-4
2021-06-04 17:21:51,789 [INFO] ThirdParty:952 - CMSIS Pack Vendor :STMicroelectronics X-CUBE-SFXS2LP1 3.0.0
2021-06-04 17:21:51,789 [INFO] ThirdParty:952 - CMSIS Pack Vendor :STMicroelectronics USB_HOST 2.0.0
2021-06-04 17:21:51,789 [INFO] ThirdParty:952 - CMSIS Pack Vendor :STMicroelectronics USB_DEVICE 3.0.0
2021-06-04 17:21:51,789 [INFO] ThirdParty:952 - CMSIS Pack Vendor :STMicroelectronics HAL Drivers 0.0.0
2021-06-04 17:21:51,789 [INFO] ThirdParty:952 - CMSIS Pack Vendor :STMicroelectronics MBEDTLS 2.16.2
2021-06-04 17:21:51,789 [INFO] ThirdParty:952 - CMSIS Pack Vendor :STMicroelectronics MBEDTLS 2.14.1
2021-06-04 17:21:51,789 [INFO] ThirdParty:952 - CMSIS Pack Vendor :STMicroelectronics X-CUBE-SUBG2 4.1.0
2021-06-04 17:21:51,789 [INFO] ThirdParty:952 - CMSIS Pack Vendor :STMicroelectronics X-CUBE-SUBG2 4.0.0
2021-06-04 17:21:51,789 [INFO] ThirdParty:952 - CMSIS Pack Vendor :STMicroelectronics X-CUBE-TOF1 1.0.0
2021-06-04 17:21:51,789 [INFO] ThirdParty:952 - CMSIS Pack Vendor :STMicroelectronics X-CUBE-AZRTOS-H7 1.0.0
2021-06-04 17:21:51,789 [INFO] ThirdParty:952 - CMSIS Pack Vendor :STMicroelectronics USB_DEVICE 2.0.0
2021-06-04 17:21:51,789 [INFO] ThirdParty:952 - CMSIS Pack Vendor :STMicroelectronics X-CUBE-MEMS1 8.2.0
2021-06-04 17:21:51,789 [INFO] ThirdParty:952 - CMSIS Pack Vendor :STMicroelectronics X-CUBE-EEPRMA1 3.0.0
2021-06-04 17:21:51,789 [INFO] ThirdParty:952 - CMSIS Pack Vendor :STMicroelectronics X-CUBE-MEMS1 8.3.0
2021-06-04 17:21:51,789 [INFO] ThirdParty:952 - CMSIS Pack Vendor :STMicroelectronics X-CUBE-DISPLAY 1.0.0
2021-06-04 17:21:51,789 [INFO] ThirdParty:952 - CMSIS Pack Vendor :STMicroelectronics FreeRTOS 0.0.1
2021-06-04 17:21:51,789 [INFO] ThirdParty:952 - CMSIS Pack Vendor :STMicroelectronics USB_DEVICE 1.0.0
2021-06-04 17:21:51,789 [INFO] ThirdParty:952 - CMSIS Pack Vendor :STMicroelectronics X-CUBE-AI 6.0.0
2021-06-04 17:21:51,789 [INFO] ThirdParty:952 - CMSIS Pack Vendor :SEGGER I-CUBE-embOS 1.2.0
2021-06-04 17:21:51,789 [INFO] ThirdParty:952 - CMSIS Pack Vendor :STMicroelectronics X-CUBE-ALGOBUILD 1.2.0
2021-06-04 17:21:51,789 [INFO] ThirdParty:952 - CMSIS Pack Vendor :STMicroelectronics X-CUBE-GNSS1 5.2.0
2021-06-04 17:21:51,789 [INFO] ThirdParty:952 - CMSIS Pack Vendor :STMicroelectronics X-CUBE-BLE1 6.1.0
2021-06-04 17:21:51,789 [INFO] ThirdParty:952 - CMSIS Pack Vendor :STMicroelectronics lwIP 2.0.3
2021-06-04 17:21:51,789 [INFO] ThirdParty:952 - CMSIS Pack Vendor :STMicroelectronics lwIP 2.1.2
2021-06-04 17:21:51,789 [INFO] ThirdParty:952 - CMSIS Pack Vendor :STMicroelectronics X-CUBE-BLE1 6.2.0
2021-06-04 17:21:51,789 [INFO] ThirdParty:952 - CMSIS Pack Vendor :STMicroelectronics USB_HOST 1.0.0
2021-06-04 17:21:51,789 [INFO] ThirdParty:952 - CMSIS Pack Vendor :STMicroelectronics X-CUBE-NFC4 2.0.2
2021-06-04 17:21:51,789 [INFO] ThirdParty:952 - CMSIS Pack Vendor :wolfSSL I-CUBE-wolfSSL 4.7.0
2021-06-04 17:21:51,789 [INFO] ThirdParty:952 - CMSIS Pack Vendor :STMicroelectronics X-CUBE-TOUCHGFX 4.16.1
2021-06-04 17:21:51,789 [INFO] ThirdParty:952 - CMSIS Pack Vendor :STMicroelectronics PDM2PCM 3.1.0
2021-06-04 17:21:51,789 [INFO] ThirdParty:952 - CMSIS Pack Vendor :STMicroelectronics PDM2PCM 3.2.0
2021-06-04 17:21:51,789 [INFO] ThirdParty:952 - CMSIS Pack Vendor :STMicroelectronics PDM2PCM 3.3.0
2021-06-04 17:21:51,789 [INFO] ThirdParty:952 - CMSIS Pack Vendor :STMicroelectronics X-CUBE-BLE2 3.2.0
2021-06-04 17:21:51,789 [INFO] ThirdParty:770 - exiting critical section [change project]
2021-06-04 17:21:52,230 [INFO] PinOutPanel:1435 - setPackage(No Configuration,No Configuration)
2021-06-04 17:21:52,231 [INFO] PinOutPanel:1435 - setPackage(STM32F407VGTx,LQFP100)
2021-06-04 17:21:52,807 [INFO] UtilMem:74 - Before build in PCC Used Memory: 332462592 Bytes (553648128)
2021-06-04 17:21:53,324 [INFO] SharedServices:72 - Folder for power plug-in: C:/Users/User/.stm32cubemx/plugins/power
2021-06-04 17:21:53,409 [INFO] SharedServices:72 - Folder for power plug-in: C:/Users/User/.stm32cubemx/plugins/power
2021-06-04 17:21:53,461 [INFO] SharedServices:72 - Folder for power plug-in: C:/Users/User/.stm32cubemx/plugins/power
2021-06-04 17:21:53,476 [INFO] SharedServices:72 - Folder for power plug-in: C:/Users/User/.stm32cubemx/plugins/power
2021-06-04 17:21:53,687 [INFO] UtilMem:74 - After build in PCC Used Memory: 235207624 Bytes (553648128)
2021-06-04 17:21:53,740 [INFO] ApiDbMcu:458 - Load IP Config File for PDM2PCM
2021-06-04 17:21:53,771 [INFO] IPUIPlugin:64 - create IPUIPlugin
2021-06-04 17:21:53,771 [INFO] IPUIPlugin:64 - create IPUIPlugin
2021-06-04 17:21:53,771 [INFO] IPUIPlugin:64 - create IPUIPlugin
2021-06-04 17:21:53,771 [INFO] IPUIPlugin:64 - create IPUIPlugin
2021-06-04 17:21:53,771 [INFO] IPUIPlugin:64 - create IPUIPlugin
2021-06-04 17:21:53,771 [INFO] IPUIPlugin:64 - create IPUIPlugin
2021-06-04 17:21:53,771 [INFO] IPUIPlugin:64 - create IPUIPlugin
2021-06-04 17:21:53,771 [INFO] IPUIPlugin:64 - create IPUIPlugin
2021-06-04 17:21:53,771 [INFO] IPUIPlugin:64 - create IPUIPlugin
2021-06-04 17:21:53,771 [INFO] IPUIPlugin:64 - create IPUIPlugin
2021-06-04 17:21:53,771 [INFO] IPUIPlugin:64 - create IPUIPlugin
2021-06-04 17:21:53,771 [INFO] IPUIPlugin:64 - create IPUIPlugin
2021-06-04 17:21:53,771 [INFO] IPUIPlugin:64 - create IPUIPlugin
2021-06-04 17:21:53,771 [INFO] IPUIPlugin:64 - create IPUIPlugin
2021-06-04 17:21:53,771 [INFO] IPUIPlugin:64 - create IPUIPlugin
2021-06-04 17:21:53,771 [INFO] IPUIPlugin:64 - create IPUIPlugin
2021-06-04 17:21:53,771 [INFO] IPUIPlugin:64 - create IPUIPlugin
2021-06-04 17:21:53,787 [INFO] IPUIPlugin:64 - create IPUIPlugin
2021-06-04 17:21:53,787 [INFO] IPUIPlugin:64 - create IPUIPlugin
2021-06-04 17:21:53,787 [INFO] IPUIPlugin:64 - create IPUIPlugin
2021-06-04 17:21:53,787 [INFO] IPUIPlugin:64 - create IPUIPlugin
2021-06-04 17:21:53,787 [INFO] IPUIPlugin:64 - create IPUIPlugin
2021-06-04 17:21:53,787 [INFO] IPUIPlugin:64 - create IPUIPlugin
2021-06-04 17:21:53,787 [INFO] IPUIPlugin:64 - create IPUIPlugin
2021-06-04 17:21:53,787 [INFO] IPUIPlugin:64 - create IPUIPlugin
2021-06-04 17:21:53,787 [INFO] IPUIPlugin:64 - create IPUIPlugin
2021-06-04 17:21:53,787 [INFO] IPUIPlugin:64 - create IPUIPlugin
2021-06-04 17:21:53,787 [INFO] IPUIPlugin:64 - create IPUIPlugin
2021-06-04 17:21:53,787 [INFO] IPUIPlugin:64 - create IPUIPlugin
2021-06-04 17:21:53,787 [INFO] IPUIPlugin:64 - create IPUIPlugin
2021-06-04 17:21:53,787 [INFO] IPUIPlugin:64 - create IPUIPlugin
2021-06-04 17:21:53,787 [INFO] IPUIPlugin:64 - create IPUIPlugin
2021-06-04 17:21:53,793 [INFO] IPUIPlugin:64 - create IPUIPlugin
2021-06-04 17:21:53,793 [INFO] IPUIPlugin:64 - create IPUIPlugin
2021-06-04 17:21:53,793 [INFO] IPUIPlugin:64 - create IPUIPlugin
2021-06-04 17:21:53,793 [INFO] IPUIPlugin:64 - create IPUIPlugin
2021-06-04 17:21:53,793 [INFO] IPUIPlugin:64 - create IPUIPlugin
2021-06-04 17:21:53,793 [INFO] IPUIPlugin:64 - create IPUIPlugin
2021-06-04 17:21:53,793 [INFO] IPUIPlugin:64 - create IPUIPlugin
2021-06-04 17:21:53,793 [INFO] IPUIPlugin:64 - create IPUIPlugin
2021-06-04 17:21:53,793 [INFO] IPUIPlugin:64 - create IPUIPlugin
2021-06-04 17:21:53,793 [INFO] IPUIPlugin:64 - create IPUIPlugin
2021-06-04 17:21:53,793 [INFO] IPUIPlugin:64 - create IPUIPlugin
2021-06-04 17:21:53,793 [INFO] IPUIPlugin:64 - create IPUIPlugin
2021-06-04 17:21:53,793 [INFO] IPUIPlugin:64 - create IPUIPlugin
2021-06-04 17:21:53,793 [INFO] IPUIPlugin:64 - create IPUIPlugin
2021-06-04 17:21:53,793 [INFO] IPUIPlugin:64 - create IPUIPlugin
2021-06-04 17:21:53,793 [INFO] IPUIPlugin:64 - create IPUIPlugin
2021-06-04 17:21:53,793 [INFO] IPUIPlugin:64 - create IPUIPlugin
2021-06-04 17:21:53,793 [INFO] IPUIPlugin:64 - create IPUIPlugin
2021-06-04 17:21:53,793 [INFO] IPUIPlugin:64 - create IPUIPlugin
2021-06-04 17:21:53,793 [INFO] IPUIPlugin:64 - create IPUIPlugin
2021-06-04 17:21:53,793 [INFO] IPUIPlugin:64 - create IPUIPlugin
2021-06-04 17:21:53,793 [INFO] IPUIPlugin:64 - create IPUIPlugin
2021-06-04 17:21:53,793 [INFO] IPUIPlugin:64 - create IPUIPlugin
2021-06-04 17:21:53,793 [INFO] IPUIPlugin:64 - create IPUIPlugin
2021-06-04 17:21:53,809 [INFO] IPUIPlugin:64 - create IPUIPlugin
2021-06-04 17:21:53,809 [INFO] IPUIPlugin:64 - create IPUIPlugin
2021-06-04 17:21:53,833 [INFO] I2sManager:616 - 9.6E7
2021-06-04 17:21:53,833 [INFO] I2sManager:173 - I2S Clock Value : 9.6E7
2021-06-04 17:21:53,833 [INFO] I2sManager:510 - AudioClock : 46875Divider : 4Odd : 0
2021-06-04 17:21:53,864 [INFO] LogOutputStream:76 - [STDOUT_REDIRECT] toolchainItems.length=====1
2021-06-04 17:21:53,976 [INFO] OpenFileManager:323 - Restore cursor
2021-06-04 17:31:25,118 [INFO] MainUpdater:2661 - connection check result : 10
2021-06-04 17:31:25,286 [INFO] ServerAccessManage:348 - Download File ad.zip
2021-06-04 17:31:25,465 [INFO] FileExtend:225 - Unzip File : ad.zip
2021-06-04 17:31:25,465 [INFO] FileExtend:240 - Standard Zip Deflate
2021-06-04 17:31:25,509 [INFO] LoadUrlFilesThread:135 - End of LoadUrlFiles Thread
2021-06-04 17:31:25,721 [INFO] ServerAccessManage:348 - Download File mcusAds.json._tmp_
2021-06-04 17:31:25,741 [INFO] LoadUrlFilesThread:135 - End of LoadUrlFiles Thread
2021-06-04 17:31:25,873 [INFO] ServerAccessManage:348 - Download File mcusDocs.json._tmp_
2021-06-04 17:31:25,976 [INFO] LoadUrlFilesThread:135 - End of LoadUrlFiles Thread
2021-06-04 17:31:26,021 [INFO] ServerAccessManage:348 - Download File mcusFeaturesAndDescription.json._tmp_
2021-06-04 17:31:26,628 [INFO] LoadUrlFilesThread:135 - End of LoadUrlFiles Thread
2021-06-04 17:31:26,669 [INFO] ServerAccessManage:348 - Download File boardsDocs.json._tmp_
2021-06-04 17:31:26,725 [INFO] LoadUrlFilesThread:135 - End of LoadUrlFiles Thread
2021-06-04 17:31:26,779 [INFO] ServerAccessManage:348 - Download File boards.json._tmp_
2021-06-04 17:31:26,844 [INFO] LoadUrlFilesThread:135 - End of LoadUrlFiles Thread
2021-06-04 17:31:26,989 [INFO] ServerAccessManage:348 - Download File cube-finder-db.zip
2021-06-04 17:31:28,244 [INFO] FileExtend:225 - Unzip File : cube-finder-db.zip
2021-06-04 17:31:28,244 [INFO] FileExtend:240 - Standard Zip Deflate
2021-06-04 17:31:28,593 [INFO] LoadUrlFilesThread:135 - End of LoadUrlFiles Thread
2021-06-04 17:31:28,850 [INFO] ServerAccessManage:348 - Download File crdb.zip
2021-06-04 17:31:28,974 [INFO] FileExtend:225 - Unzip File : crdb.zip
2021-06-04 17:31:28,975 [INFO] FileExtend:240 - Standard Zip Deflate
2021-06-04 17:31:29,007 [INFO] LoadUrlFilesThread:135 - End of LoadUrlFiles Thread
2021-06-04 17:31:29,076 [INFO] ServerAccessManage:348 - Download File tutoVideoDB.zip
2021-06-04 17:31:29,081 [INFO] FileExtend:225 - Unzip File : tutoVideoDB.zip
2021-06-04 17:31:29,081 [INFO] FileExtend:240 - Standard Zip Deflate
2021-06-04 17:31:29,111 [INFO] LoadUrlFilesThread:135 - End of LoadUrlFiles Thread
2021-06-04 17:31:29,112 [INFO] DbMcusAds:132 - JSON generation date=Tue May 11 17:32:49 CEST 2021 (1620747169502)
2021-06-04 17:31:29,115 [INFO] DbMcusDocs:143 - JSON generation date=Tue Jun 01 07:41:06 CEST 2021 (1622526066)
2021-06-04 17:31:29,418 [INFO] DbMcusDocs:79 - Found 617 MCUs documents
2021-06-04 17:31:29,418 [INFO] ApiDb:276 - Save user favorites file C:\Users\User/.stm32cubeide/favorites.mcus.txt: 1 item(s)
2021-06-04 17:31:29,418 [INFO] ApiDb:280 - User favorites MCUs=[STM32F407VGTx]
2021-06-04 17:31:29,418 [INFO] DbMcusXml:100 - Load MCU database from C:\ST\STM32CubeIDE_1.6.0\STM32CubeIDE\plugins\com.st.stm32cube.common.mx_6.2.1.202103241236\\db\/mcu/families.xml
2021-06-04 17:31:30,062 [INFO] DbMcusJson:94 - JSON generation date=Tue Jun 01 07:41:06 CEST 2021 (1622526066)
2021-06-04 17:31:30,681 [INFO] DbMcus:175 - Found 1906 MCUs (1866 are supported by CubeMX, 1866 are visible in CubeMX)
2021-06-04 17:31:30,681 [INFO] ApiDb:251 - Load user favorites file C:\Users\User/.stm32cubeide/favorites.mcus.txt: 1 item(s)
2021-06-04 17:31:30,681 [INFO] ApiDb:255 - User favorites MCUs=[STM32F407VGTx]
2021-06-04 17:31:30,681 [INFO] DbMcus:187 - Set 1 / 1 favorites MCUs
2021-06-04 17:31:30,697 [INFO] DbBoardsDocs:143 - JSON generation date=Tue Jun 01 07:52:40 CEST 2021 (1622526760)
2021-06-04 17:31:30,712 [INFO] DbBoardsPdsc:90 - Found 24 items
2021-06-04 17:31:30,728 [INFO] DbBoardsPdsc:90 - Found 9 items
2021-06-04 17:31:30,728 [INFO] DbBoardsPdsc:90 - Found 33 items
2021-06-04 17:31:30,744 [INFO] DbBoardsPdsc:90 - Found 1 items
2021-06-04 17:31:30,761 [INFO] DbBoardsPdsc:90 - Found 46 items
2021-06-04 17:31:30,777 [INFO] DbBoardsPdsc:90 - Found 41 items
2021-06-04 17:31:30,777 [INFO] DbBoardsPdsc:90 - Found 2 items
2021-06-04 17:31:30,794 [INFO] DbBoardsPdsc:90 - Found 5 items
2021-06-04 17:31:30,798 [WARN] DbBoardsPdsc:254 - Board NUCLEO-WB15CC: unknown feature type=, name=, username=Three user LEDs, n=1
2021-06-04 17:31:30,798 [WARN] DbBoardsPdsc:254 - Board NUCLEO-WB15CC: unknown feature type=, name=, username=One reset and three user push-buttons, n=1
2021-06-04 17:31:30,798 [WARN] DbBoardsPdsc:254 - Board NUCLEO-WB15CC: unknown feature type=, name=, username=Arduino Uno V3 expansion connector, n=1
2021-06-04 17:31:30,798 [WARN] DbBoardsPdsc:254 - Board NUCLEO-WB15CC: unknown feature type=, name=, username=ST morpho extension pin headers for full access to all STM32WB I/Os, n=1
2021-06-04 17:31:30,798 [WARN] DbBoardsPdsc:254 - Board NUCLEO-WB15CC: unknown feature type=, name=, username=Integrated PCB antenna and SMA connector footprint, n=1
2021-06-04 17:31:30,798 [WARN] DbBoardsPdsc:254 - Board NUCLEO-WB15CC: unknown feature type=, name=, username=Flexible power-supply options: ST-LINK, USB VBUS, or external sources, n=1
2021-06-04 17:31:30,798 [WARN] DbBoardsPdsc:254 - Board NUCLEO-WB15CC: unknown feature type=, name=, username=On-board footprint to mount a CR2032 battery socket, n=1
2021-06-04 17:31:30,798 [WARN] DbBoardsPdsc:254 - Board NUCLEO-WB15CC: unknown feature type=, name=, username=On-board ST-LINK/V2-1 debugger/programmer with USB re-enumeration capability: mass storage, Virtual COM port, and debug port, n=1
2021-06-04 17:31:30,798 [WARN] DbBoardsPdsc:254 - Board NUCLEO-WB15CC: unknown feature type=, name=, username=Comprehensive free software libraries and examples available with the STM32CubeWB MCU Package, n=1
2021-06-04 17:31:30,798 [WARN] DbBoardsPdsc:254 - Board NUCLEO-WB15CC: unknown feature type=, name=, username=Support of a wide choice of Integrated Development Environments (IDEs) including IAR Embedded Workbench, MDK-ARM, STM32CubeIDE, and Mbed Studio, n=1
2021-06-04 17:31:30,798 [WARN] DbBoardsPdsc:254 - Board STM32H7B3I-DK: unknown feature type=Audio, name=, username=Audio stereo codec with Headphone Amp (CS42L51-CNZ), n=1
2021-06-04 17:31:30,798 [WARN] DbBoardsPdsc:254 - Board STM32H735G-DK: unknown feature type=Audio, name=, username=Audio stereo codec with Headphone Amp (WM8994ECS/R), n=1
2021-06-04 17:31:30,798 [WARN] DbBoardsPdsc:254 - Board STM32WB5MM-DK: unknown feature type=, name=, username=Time-of-Flight and gesture-detection sensor, n=1
2021-06-04 17:31:30,798 [WARN] DbBoardsPdsc:254 - Board STM32WB5MM-DK: unknown feature type=, name=, username=3 push-buttons (2 users and 1 reset) and 1 touch key button, n=1
2021-06-04 17:31:30,798 [WARN] DbBoardsPdsc:254 - Board STM32WB5MM-DK: unknown feature type=, name=, username=Flexible power-supply options: ST-LINK/V2-1 USB connector, 5 V delivered by ARDUINO or external connector, USB charger, or USB power, n=1
2021-06-04 17:31:30,798 [WARN] DbBoardsPdsc:254 - Board STM32WB5MM-DK: unknown feature type=, name=, username=On-board ST-LINK/V2-1 debugger/programmer with USB re-enumeration capability: Virtual COM port and debug port, n=1
2021-06-04 17:31:30,798 [WARN] DbBoardsPdsc:254 - Board STM32WB5MM-DK: unknown feature type=, name=, username=Comprehensive free software libraries and examples available with the STM32CubeWB MCU Package, n=1
2021-06-04 17:31:30,798 [WARN] DbBoardsPdsc:254 - Board STM32WB5MM-DK: unknown feature type=, name=, username=Support of a wide choice of Integrated Development Environments (IDEs) including IAR Embedded Workbench, MDK-ARM, and STM32CubeIDE, n=1
2021-06-04 17:31:30,798 [WARN] DbBoardsPdsc:254 - Board STM32H7B3I-EVAL: unknown feature type=Audio, name=, username=Multi-Channel Audio Codec (CS42L51-CNZ), n=1
2021-06-04 17:31:30,798 [WARN] DbBoardsPdsc:254 - Board STM32H7B3I-EVAL: unknown feature type=Meter, name=, username=Power-metering and Temperature-monitoring with sigma-delta modulators, n=1
2021-06-04 17:31:30,798 [WARN] DbBoardsPdsc:254 - Board STM32H7B3I-EVAL: unknown feature type=Motor, name=, username=Motor Control, n=1
2021-06-04 17:31:30,813 [INFO] DbBoardsJson:87 - JSON generation date=Tue Jun 01 07:52:40 CEST 2021 (1622526760)
2021-06-04 17:31:30,813 [INFO] DbBoards:117 - Found 161 boards (158 are supported by CubeMX)
2021-06-04 17:31:30,813 [INFO] DbBoardsDocs:143 - JSON generation date=Tue Jun 01 07:52:40 CEST 2021 (1622526760)
2021-06-04 17:31:30,861 [INFO] DbBoardsDocs:79 - Found 193 boards documents
2021-06-04 17:31:30,861 [WARN] DbBoards:127 - board B-L462E-CELL1 has no document id list !
2021-06-04 17:31:30,861 [WARN] DbBoards:127 - board B-L475E-IOT01A2 has no document id list !
2021-06-04 17:31:30,861 [WARN] DbBoards:127 - board NUCLEO-G0B1RE has no document id list !
2021-06-04 17:31:30,861 [WARN] DbBoards:127 - board NUCLEO-H743ZI has no document id list !
2021-06-04 17:31:30,861 [WARN] DbBoards:127 - board NUCLEO-L4A6ZG has no document id list !
2021-06-04 17:31:30,861 [WARN] DbBoards:127 - board NUCLEO-WB15CC has no document id list !
2021-06-04 17:31:30,861 [WARN] DbBoards:127 - board NUCLEO-WB55RG has no document id list !
2021-06-04 17:31:30,861 [WARN] DbBoards:127 - board NUCLEO-WL55JC2 has no document id list !
2021-06-04 17:31:30,861 [WARN] DbBoards:127 - board P-NUCLEO-WB55-Nucleo has no document id list !
2021-06-04 17:31:30,861 [WARN] DbBoards:127 - board P-NUCLEO-WB55-USBDongle has no document id list !
2021-06-04 17:31:30,861 [WARN] DbBoards:127 - board STEVAL-BFA001V1B has no document id list !
2021-06-04 17:31:30,861 [WARN] DbBoards:127 - board STEVAL-BFA001V2B has no document id list !
2021-06-04 17:31:30,861 [WARN] DbBoards:127 - board STEVAL-IDP005V1 has no document id list !
2021-06-04 17:31:30,861 [WARN] DbBoards:127 - board STEVAL-IDP005V2 has no document id list !
2021-06-04 17:31:30,861 [WARN] DbBoards:127 - board STEVAL-MKSBOX1V1 has no document id list !
2021-06-04 17:31:30,861 [WARN] DbBoards:127 - board STEVAL-STWINKT1 has no document id list !
2021-06-04 17:31:30,861 [WARN] DbBoards:127 - board STEVAL-STWINKT1B has no document id list !
2021-06-04 17:31:30,861 [WARN] DbBoards:127 - board STM32F401C-DISCO has no document id list !
2021-06-04 17:31:30,861 [WARN] DbBoards:127 - board STM32F769I-DISC1 has no document id list !
2021-06-04 17:31:30,861 [WARN] DbBoards:127 - board STM32G0C1E-EV has no document id list !
2021-06-04 17:31:30,861 [WARN] DbBoards:127 - board STM32G474E-EVAL1 has no document id list !
2021-06-04 17:31:30,861 [WARN] DbBoards:127 - board STM32H743I-EVAL2 has no document id list !
2021-06-04 17:31:30,861 [WARN] DbBoards:127 - board STM32H747I-DISC1 has no document id list !
2021-06-04 17:31:30,861 [WARN] DbBoards:127 - board STM32H753I-EVAL2 has no document id list !
2021-06-04 17:31:30,861 [WARN] DbBoards:127 - board STM32L-DISCOVERY has no document id list !
2021-06-04 17:31:30,861 [WARN] DbBoards:127 - board STM32MP157A-DK1 has no document id list !
2021-06-04 17:31:30,861 [WARN] DbBoards:127 - board STM32MP157F-DK2 has no document id list !
2021-06-04 17:31:30,861 [WARN] DbBoards:127 - board STM32MP157F-EV1 has no document id list !
2021-06-04 17:31:30,861 [WARN] DbBoards:127 - board STM32WB5MM-DK has no document id list !
2021-06-04 17:31:32,879 [INFO] ApiDb:251 - Load user favorites file C:\Users\User/.stm32cubeide/favorites.boards.txt: 0 item(s)
2021-06-04 17:31:32,879 [INFO] ApiDb:255 - User favorites Boards=[]
2021-06-04 17:31:32,879 [INFO] DbBoards:206 - Set 0 / 0 favorites Boards
2021-06-04 17:31:32,895 [INFO] DbBoardsDocs:79 - Found 386 boards documents
2021-06-04 17:31:32,895 [INFO] ApiDb:276 - Save user favorites file C:\Users\User/.stm32cubeide/favorites.boards.txt: 0 item(s)
2021-06-04 17:31:32,895 [INFO] ApiDb:280 - User favorites Boards=[]
2021-06-04 17:31:32,895 [INFO] DbBoardsPdsc:90 - Found 24 items
2021-06-04 17:31:32,895 [INFO] DbBoardsPdsc:90 - Found 9 items
2021-06-04 17:31:32,911 [INFO] DbBoardsPdsc:90 - Found 33 items
2021-06-04 17:31:32,911 [INFO] DbBoardsPdsc:90 - Found 1 items
2021-06-04 17:31:32,911 [INFO] DbBoardsPdsc:90 - Found 46 items
2021-06-04 17:31:32,911 [INFO] DbBoardsPdsc:90 - Found 41 items
2021-06-04 17:31:32,911 [INFO] DbBoardsPdsc:90 - Found 2 items
2021-06-04 17:31:32,911 [INFO] DbBoardsPdsc:90 - Found 5 items
2021-06-04 17:31:32,911 [WARN] DbBoardsPdsc:254 - Board NUCLEO-WB15CC: unknown feature type=, name=, username=Three user LEDs, n=1
2021-06-04 17:31:32,911 [WARN] DbBoardsPdsc:254 - Board NUCLEO-WB15CC: unknown feature type=, name=, username=One reset and three user push-buttons, n=1
2021-06-04 17:31:32,911 [WARN] DbBoardsPdsc:254 - Board NUCLEO-WB15CC: unknown feature type=, name=, username=Arduino Uno V3 expansion connector, n=1
2021-06-04 17:31:32,911 [WARN] DbBoardsPdsc:254 - Board NUCLEO-WB15CC: unknown feature type=, name=, username=ST morpho extension pin headers for full access to all STM32WB I/Os, n=1
2021-06-04 17:31:32,911 [WARN] DbBoardsPdsc:254 - Board NUCLEO-WB15CC: unknown feature type=, name=, username=Integrated PCB antenna and SMA connector footprint, n=1
2021-06-04 17:31:32,911 [WARN] DbBoardsPdsc:254 - Board NUCLEO-WB15CC: unknown feature type=, name=, username=Flexible power-supply options: ST-LINK, USB VBUS, or external sources, n=1
2021-06-04 17:31:32,911 [WARN] DbBoardsPdsc:254 - Board NUCLEO-WB15CC: unknown feature type=, name=, username=On-board footprint to mount a CR2032 battery socket, n=1
2021-06-04 17:31:32,911 [WARN] DbBoardsPdsc:254 - Board NUCLEO-WB15CC: unknown feature type=, name=, username=On-board ST-LINK/V2-1 debugger/programmer with USB re-enumeration capability: mass storage, Virtual COM port, and debug port, n=1
2021-06-04 17:31:32,911 [WARN] DbBoardsPdsc:254 - Board NUCLEO-WB15CC: unknown feature type=, name=, username=Comprehensive free software libraries and examples available with the STM32CubeWB MCU Package, n=1
2021-06-04 17:31:32,911 [WARN] DbBoardsPdsc:254 - Board NUCLEO-WB15CC: unknown feature type=, name=, username=Support of a wide choice of Integrated Development Environments (IDEs) including IAR Embedded Workbench, MDK-ARM, STM32CubeIDE, and Mbed Studio, n=1
2021-06-04 17:31:32,911 [WARN] DbBoardsPdsc:254 - Board STM32H7B3I-DK: unknown feature type=Audio, name=, username=Audio stereo codec with Headphone Amp (CS42L51-CNZ), n=1
2021-06-04 17:31:32,911 [WARN] DbBoardsPdsc:254 - Board STM32H735G-DK: unknown feature type=Audio, name=, username=Audio stereo codec with Headphone Amp (WM8994ECS/R), n=1
2021-06-04 17:31:32,911 [WARN] DbBoardsPdsc:254 - Board STM32WB5MM-DK: unknown feature type=, name=, username=Time-of-Flight and gesture-detection sensor, n=1
2021-06-04 17:31:32,911 [WARN] DbBoardsPdsc:254 - Board STM32WB5MM-DK: unknown feature type=, name=, username=3 push-buttons (2 users and 1 reset) and 1 touch key button, n=1
2021-06-04 17:31:32,911 [WARN] DbBoardsPdsc:254 - Board STM32WB5MM-DK: unknown feature type=, name=, username=Flexible power-supply options: ST-LINK/V2-1 USB connector, 5 V delivered by ARDUINO or external connector, USB charger, or USB power, n=1
2021-06-04 17:31:32,911 [WARN] DbBoardsPdsc:254 - Board STM32WB5MM-DK: unknown feature type=, name=, username=On-board ST-LINK/V2-1 debugger/programmer with USB re-enumeration capability: Virtual COM port and debug port, n=1
2021-06-04 17:31:32,911 [WARN] DbBoardsPdsc:254 - Board STM32WB5MM-DK: unknown feature type=, name=, username=Comprehensive free software libraries and examples available with the STM32CubeWB MCU Package, n=1
2021-06-04 17:31:32,911 [WARN] DbBoardsPdsc:254 - Board STM32WB5MM-DK: unknown feature type=, name=, username=Support of a wide choice of Integrated Development Environments (IDEs) including IAR Embedded Workbench, MDK-ARM, and STM32CubeIDE, n=1
2021-06-04 17:31:32,926 [WARN] DbBoardsPdsc:254 - Board STM32H7B3I-EVAL: unknown feature type=Audio, name=, username=Multi-Channel Audio Codec (CS42L51-CNZ), n=1
2021-06-04 17:31:32,926 [WARN] DbBoardsPdsc:254 - Board STM32H7B3I-EVAL: unknown feature type=Meter, name=, username=Power-metering and Temperature-monitoring with sigma-delta modulators, n=1
2021-06-04 17:31:32,926 [WARN] DbBoardsPdsc:254 - Board STM32H7B3I-EVAL: unknown feature type=Motor, name=, username=Motor Control, n=1
2021-06-04 17:31:32,942 [INFO] DbBoardsJson:87 - JSON generation date=Tue Jun 01 07:52:40 CEST 2021 (1622526760)
2021-06-04 17:31:32,942 [INFO] DbBoards:117 - Found 161 boards (158 are supported by CubeMX)
2021-06-04 17:31:32,942 [WARN] DbBoards:127 - board B-L462E-CELL1 has no document id list !
2021-06-04 17:31:32,942 [WARN] DbBoards:127 - board B-L475E-IOT01A2 has no document id list !
2021-06-04 17:31:32,942 [WARN] DbBoards:127 - board NUCLEO-G0B1RE has no document id list !
2021-06-04 17:31:32,942 [WARN] DbBoards:127 - board NUCLEO-H743ZI has no document id list !
2021-06-04 17:31:32,942 [WARN] DbBoards:127 - board NUCLEO-L4A6ZG has no document id list !
2021-06-04 17:31:32,942 [WARN] DbBoards:127 - board NUCLEO-WB15CC has no document id list !
2021-06-04 17:31:32,942 [WARN] DbBoards:127 - board NUCLEO-WB55RG has no document id list !
2021-06-04 17:31:32,942 [WARN] DbBoards:127 - board NUCLEO-WL55JC2 has no document id list !
2021-06-04 17:31:32,942 [WARN] DbBoards:127 - board P-NUCLEO-WB55-Nucleo has no document id list !
2021-06-04 17:31:32,942 [WARN] DbBoards:127 - board P-NUCLEO-WB55-USBDongle has no document id list !
2021-06-04 17:31:32,942 [WARN] DbBoards:127 - board STEVAL-BFA001V1B has no document id list !
2021-06-04 17:31:32,942 [WARN] DbBoards:127 - board STEVAL-BFA001V2B has no document id list !
2021-06-04 17:31:32,942 [WARN] DbBoards:127 - board STEVAL-IDP005V1 has no document id list !
2021-06-04 17:31:32,942 [WARN] DbBoards:127 - board STEVAL-IDP005V2 has no document id list !
2021-06-04 17:31:32,942 [WARN] DbBoards:127 - board STEVAL-MKSBOX1V1 has no document id list !
2021-06-04 17:31:32,942 [WARN] DbBoards:127 - board STEVAL-STWINKT1 has no document id list !
2021-06-04 17:31:32,942 [WARN] DbBoards:127 - board STEVAL-STWINKT1B has no document id list !
2021-06-04 17:31:32,942 [WARN] DbBoards:127 - board STM32F401C-DISCO has no document id list !
2021-06-04 17:31:32,942 [WARN] DbBoards:127 - board STM32F769I-DISC1 has no document id list !
2021-06-04 17:31:32,942 [WARN] DbBoards:127 - board STM32G0C1E-EV has no document id list !
2021-06-04 17:31:32,942 [WARN] DbBoards:127 - board STM32G474E-EVAL1 has no document id list !
2021-06-04 17:31:32,942 [WARN] DbBoards:127 - board STM32H743I-EVAL2 has no document id list !
2021-06-04 17:31:32,942 [WARN] DbBoards:127 - board STM32H747I-DISC1 has no document id list !
2021-06-04 17:31:32,942 [WARN] DbBoards:127 - board STM32H753I-EVAL2 has no document id list !
2021-06-04 17:31:32,942 [WARN] DbBoards:127 - board STM32L-DISCOVERY has no document id list !
2021-06-04 17:31:32,942 [WARN] DbBoards:127 - board STM32MP157A-DK1 has no document id list !
2021-06-04 17:31:32,942 [WARN] DbBoards:127 - board STM32MP157F-DK2 has no document id list !
2021-06-04 17:31:32,942 [WARN] DbBoards:127 - board STM32MP157F-EV1 has no document id list !
2021-06-04 17:31:32,942 [WARN] DbBoards:127 - board STM32WB5MM-DK has no document id list !
2021-06-04 17:31:33,981 [INFO] ApiDb:251 - Load user favorites file C:\Users\User/.stm32cubeide/favorites.boards.txt: 0 item(s)
2021-06-04 17:31:33,981 [INFO] ApiDb:255 - User favorites Boards=[]
2021-06-04 17:31:33,981 [INFO] DbBoards:206 - Set 0 / 0 favorites Boards
2021-06-04 17:31:34,149 [INFO] ApiDb:479 - Connected to CubeFinder SQLite database (C:\Users\User\.stmcufinder\plugins\mcufinder\mcu\cube-finder-db.db)
2021-06-04 17:31:34,648 [INFO] DbExamplesSqlite:401 - Ignored 36 examples not supported by CubeIDE
2021-06-04 17:31:34,648 [INFO] DbExamplesSqlite:402 - Found 4835 examples active
2021-06-04 17:31:34,648 [INFO] DbExamplesSqlite:403 - Found 274 examples obsolete
2021-06-04 17:31:34,648 [INFO] DbExamplesSqlite:404 - Found 0 examples under development
2021-06-04 17:31:34,648 [INFO] DbExamplesSqlite:405 - Found 76 examples not building
2021-06-04 17:31:34,663 [INFO] DbExamplesSqlite:104 - CubeFinder database Data Model version=2.1
2021-06-04 17:31:34,663 [INFO] DbExamplesSqlite:105 - CubeFinder database Configuration version=3.0-WIP12
2021-06-04 17:31:34,663 [INFO] DbExamplesSqlite:106 - CubeFinder database generation date=2021-05-10 (1620656699)
2021-06-04 17:31:34,663 [INFO] DbExamplesSqlite:107 - CubeFinder database FW Pack versions=[STM32Cube_FW_F4_V1.26.1, STM32Cube_FW_F7_V1.16.1, STM32Cube_FW_G0_V1.4.1, STM32Cube_FW_G4_V1.4.0, STM32Cube_FW_H7_V1.9.0, STM32Cube_FW_L5_V1.4.0, STM32Cube_FW_WB_V1.11.1, STM32Cube_FW_WL_V1.0.0, X-CUBE-AZRTOS-H7_V1.0.0, X-CUBE-BLE1_V6.2.0, X-CUBE-BLE2_V3.2.0, X-CUBE-GNSS1_V5.2.0]
2021-06-04 17:31:34,663 [INFO] DbExamples:130 - Found 4875 examples
2021-06-04 17:31:35,181 [ERROR] DbExamples:206 - Found 301 examples with invalid data (board or MCU)
2021-06-04 17:31:35,181 [INFO] DbExamples:222 - Found 63 boards with related examples
2021-06-04 17:31:35,191 [INFO] DbExamples:235 - Found 52 MCUs with related examples
2021-06-04 17:31:35,201 [INFO] ApiDb:242 - User favorites file not found: C:\Users\User/.stm32cubeide/favorites.examples.txt
2021-06-04 17:31:35,201 [INFO] DbExamples:256 - Set 0 / 0 favorites Examples
2021-06-04 17:31:38,278 [INFO] MainUpdater:2661 - connection check result : 10
2021-06-04 17:31:38,357 [INFO] CrossSelectorPresenter:1330 - Cross Selector saved comparison directory: C:\Users\User\.stmcufinder\plugins\mcufinder\mcu\cs_comparisons_mx
2021-06-04 17:31:38,362 [INFO] MultiScanPanel:200 - Auto-refresh data requested => check proxy status ongoing
2021-06-04 17:31:38,365 [INFO] FinderPluginLoader:87 - Searching for filters in installed packs
2021-06-04 17:31:38,771 [WARN] DetailPanel:315 - Failed to get advertising image, set to default
2021-06-04 17:31:39,452 [INFO] CrossSelectorPresenter:1330 - Cross Selector saved comparison directory: C:\Users\User\.stmcufinder\plugins\mcufinder\mcu\cs_comparisons_mx
2021-06-04 17:31:39,452 [INFO] MultiScanPanel:200 - Auto-refresh data requested => check proxy status ongoing
2021-06-04 17:31:39,452 [INFO] FinderPluginLoader:87 - Searching for filters in installed packs
2021-06-04 17:31:39,744 [WARN] DetailPanel:315 - Failed to get advertising image, set to default
2021-06-04 17:31:59,132 [INFO] ApiDb:276 - Save user favorites file C:\Users\User/.stm32cubeide/favorites.mcus.txt: 1 item(s)
2021-06-04 17:31:59,132 [INFO] ApiDb:280 - User favorites MCUs=[STM32F407VGTx]
